2018-05-18 22:51:18 INFO  ContextInitListener:17 - Deployed web application
2018-05-18 22:51:19 DEBUG LatestGetURIFilter:32 - Set latest-get-uri to /bankapp/main/register-credit-account.jsp
2018-05-18 22:51:24 DEBUG LatestGetURIFilter:32 - Set latest-get-uri to /bankapp/auth/log-in.jsp
2018-05-18 22:51:29 DEBUG LatestGetURIFilter:32 - Set latest-get-uri to /bankapp/main/home.jsp
2018-05-18 22:51:30 DEBUG LatestGetURIFilter:32 - Set latest-get-uri to /bankapp/dispatcher?action=list-unconfirmed&page=1
2018-05-18 22:51:30 DEBUG ListUnconfirmedController:42 - external.letiuka.modelviewcontroller.model.dto.AccountListDTO@67a053cd
2018-05-18 22:51:30 DEBUG ListUnconfirmedController:43 - external.letiuka.modelviewcontroller.model.dto.PaginationDTO@1fa46826
2018-05-18 22:51:30 DEBUG ListUnconfirmedController:44 - [external.letiuka.modelviewcontroller.model.dto.DepositBankAccountDTO@823eec5, external.letiuka.modelviewcontroller.model.dto.CreditBankAccountDTO@4058f1f8, external.letiuka.modelviewcontroller.model.dto.CreditBankAccountDTO@2503ec05, external.letiuka.modelviewcontroller.model.dto.CreditBankAccountDTO@195a45db, external.letiuka.modelviewcontroller.model.dto.CreditBankAccountDTO@e98d5f3, external.letiuka.modelviewcontroller.model.dto.CreditBankAccountDTO@94822e9, external.letiuka.modelviewcontroller.model.dto.CreditBankAccountDTO@33919401, external.letiuka.modelviewcontroller.model.dto.CreditBankAccountDTO@782e7b35, external.letiuka.modelviewcontroller.model.dto.CreditBankAccountDTO@30511e8e, external.letiuka.modelviewcontroller.model.dto.CreditBankAccountDTO@78c63d07]
2018-05-18 22:51:33 DEBUG LatestGetURIFilter:32 - Set latest-get-uri to /bankapp/dispatcher?action=account-page&account-number=6051824905152175
2018-05-18 22:51:33 DEBUG AccountInfoController:35 - User john tried to see john`s account
2018-05-18 22:51:36 ERROR AccountInfoController:47 - Failed
2018-05-18 22:53:04 INFO  ContextInitListener:17 - Deployed web application
2018-05-18 22:53:31 DEBUG LatestGetURIFilter:32 - Set latest-get-uri to /bankapp/dispatcher?action=list-unconfirmed&page=1
2018-05-18 22:53:53 DEBUG LatestGetURIFilter:32 - Set latest-get-uri to /bankapp/
2018-05-18 22:55:23 DEBUG LatestGetURIFilter:32 - Set latest-get-uri to /bankapp/auth/log-in.jsp
2018-05-18 22:55:29 DEBUG LatestGetURIFilter:32 - Set latest-get-uri to /bankapp/main/home.jsp
2018-05-18 22:55:33 DEBUG LatestGetURIFilter:32 - Set latest-get-uri to /bankapp/dispatcher?action=list-unconfirmed&page=1
2018-05-18 22:55:33 DEBUG ListUnconfirmedController:42 - external.letiuka.modelviewcontroller.model.dto.AccountListDTO@70996583
2018-05-18 22:55:33 DEBUG ListUnconfirmedController:43 - external.letiuka.modelviewcontroller.model.dto.PaginationDTO@49e6bdf
2018-05-18 22:55:33 DEBUG ListUnconfirmedController:44 - [external.letiuka.modelviewcontroller.model.dto.DepositBankAccountDTO@5f54d2fb, external.letiuka.modelviewcontroller.model.dto.CreditBankAccountDTO@70ece37f, external.letiuka.modelviewcontroller.model.dto.CreditBankAccountDTO@1292c4bd, external.letiuka.modelviewcontroller.model.dto.CreditBankAccountDTO@652595a3, external.letiuka.modelviewcontroller.model.dto.CreditBankAccountDTO@1c9f50f6, external.letiuka.modelviewcontroller.model.dto.CreditBankAccountDTO@b7fbf01, external.letiuka.modelviewcontroller.model.dto.CreditBankAccountDTO@f4c25ff, external.letiuka.modelviewcontroller.model.dto.CreditBankAccountDTO@468d3138, external.letiuka.modelviewcontroller.model.dto.CreditBankAccountDTO@2073d1ff, external.letiuka.modelviewcontroller.model.dto.CreditBankAccountDTO@5602e547]
2018-05-18 22:55:38 DEBUG LatestGetURIFilter:32 - Set latest-get-uri to /bankapp/dispatcher?action=account-page&account-number=6051824905152175
2018-05-18 22:55:38 DEBUG AccountInfoController:35 - User john tried to see john`s account
2018-05-18 22:56:25 DEBUG LatestGetURIFilter:32 - Set latest-get-uri to /bankapp/dispatcher?action=account-page&account-number=6051824905152175
2018-05-18 22:56:25 DEBUG AccountInfoController:35 - User john tried to see john`s account
2018-05-18 22:56:49 DEBUG LatestGetURIFilter:32 - Set latest-get-uri to /bankapp/dispatcher?action=list-unconfirmed&page=1
2018-05-18 22:56:49 DEBUG ListUnconfirmedController:42 - external.letiuka.modelviewcontroller.model.dto.AccountListDTO@37a7ba56
2018-05-18 22:56:49 DEBUG ListUnconfirmedController:43 - external.letiuka.modelviewcontroller.model.dto.PaginationDTO@660b9191
2018-05-18 22:56:49 DEBUG ListUnconfirmedController:44 - [external.letiuka.modelviewcontroller.model.dto.DepositBankAccountDTO@3dc194f0, external.letiuka.modelviewcontroller.model.dto.CreditBankAccountDTO@277e9e70, external.letiuka.modelviewcontroller.model.dto.CreditBankAccountDTO@2d81f5c3, external.letiuka.modelviewcontroller.model.dto.CreditBankAccountDTO@173c6efb, external.letiuka.modelviewcontroller.model.dto.CreditBankAccountDTO@26eb1ef8, external.letiuka.modelviewcontroller.model.dto.CreditBankAccountDTO@7535994b, external.letiuka.modelviewcontroller.model.dto.CreditBankAccountDTO@573845c3, external.letiuka.modelviewcontroller.model.dto.CreditBankAccountDTO@2387a269, external.letiuka.modelviewcontroller.model.dto.CreditBankAccountDTO@5d65643f, external.letiuka.modelviewcontroller.model.dto.CreditBankAccountDTO@4c34119]
2018-05-18 22:56:54 DEBUG LatestGetURIFilter:32 - Set latest-get-uri to /bankapp/dispatcher?action=account-page&account-number=6051824905152175
2018-05-18 22:56:54 DEBUG AccountInfoController:35 - User john tried to see john`s account
2018-05-19 16:53:28 INFO  ContextInitListener:17 - Deployed web application
2018-05-19 16:54:38 DEBUG LatestGetURIFilter:32 - Set latest-get-uri to /bankapp/
2018-05-19 16:54:55 DEBUG LatestGetURIFilter:32 - Set latest-get-uri to /bankapp/auth/log-in.jsp
2018-05-19 16:55:16 DEBUG LatestGetURIFilter:32 - Set latest-get-uri to /bankapp/main/home.jsp
2018-05-19 16:55:26 DEBUG LatestGetURIFilter:32 - Set latest-get-uri to /bankapp/dispatcher?action=list-accounts&login=john
2018-05-19 16:55:27 DEBUG ListUserAccountsController:37 - Pagination request without page number (setting 1)
2018-05-19 16:55:32 DEBUG LatestGetURIFilter:32 - Set latest-get-uri to /bankapp/dispatcher?action=list-accounts&login=john&page=2
2018-05-19 16:55:33 DEBUG LatestGetURIFilter:32 - Set latest-get-uri to /bankapp/dispatcher?action=list-accounts&login=john&page=1
2018-05-19 16:55:35 DEBUG LatestGetURIFilter:32 - Set latest-get-uri to /bankapp/dispatcher?action=list-accounts&login=john&page=2
2018-05-19 16:55:38 DEBUG LatestGetURIFilter:32 - Set latest-get-uri to /bankapp/dispatcher?action=list-accounts&login=john&page=1
2018-05-19 16:55:58 DEBUG LatestGetURIFilter:32 - Set latest-get-uri to /bankapp/dispatcher?action=list-unconfirmed&page=1
2018-05-19 16:55:58 DEBUG ListUnconfirmedController:42 - external.letiuka.modelviewcontroller.model.dto.AccountListDTO@552f8d0f
2018-05-19 16:55:58 DEBUG ListUnconfirmedController:43 - external.letiuka.modelviewcontroller.model.dto.PaginationDTO@7f9f13d3
2018-05-19 16:55:58 DEBUG ListUnconfirmedController:44 - [external.letiuka.modelviewcontroller.model.dto.DepositBankAccountDTO@29cace15, external.letiuka.modelviewcontroller.model.dto.CreditBankAccountDTO@47bdd52, external.letiuka.modelviewcontroller.model.dto.CreditBankAccountDTO@2d156f27, external.letiuka.modelviewcontroller.model.dto.CreditBankAccountDTO@2a93e0dd, external.letiuka.modelviewcontroller.model.dto.CreditBankAccountDTO@555629fc, external.letiuka.modelviewcontroller.model.dto.CreditBankAccountDTO@f1def49, external.letiuka.modelviewcontroller.model.dto.CreditBankAccountDTO@9f7d5da, external.letiuka.modelviewcontroller.model.dto.CreditBankAccountDTO@3c575931, external.letiuka.modelviewcontroller.model.dto.CreditBankAccountDTO@582a9e8e, external.letiuka.modelviewcontroller.model.dto.CreditBankAccountDTO@38ad4565]
2018-05-19 16:56:03 DEBUG LatestGetURIFilter:32 - Set latest-get-uri to /bankapp/dispatcher?action=account-page&account-number=2095899715480295
2018-05-19 17:05:18 INFO  ContextInitListener:17 - Deployed web application
2018-05-19 17:05:26 DEBUG LatestGetURIFilter:32 - Set latest-get-uri to /bankapp/
2018-05-19 17:05:30 DEBUG LatestGetURIFilter:32 - Set latest-get-uri to /bankapp/auth/log-in.jsp
2018-05-19 17:05:36 DEBUG LatestGetURIFilter:32 - Set latest-get-uri to /bankapp/main/home.jsp
2018-05-19 17:05:38 DEBUG LatestGetURIFilter:32 - Set latest-get-uri to /bankapp/dispatcher?action=list-unconfirmed&page=1
2018-05-19 17:05:38 DEBUG ListUnconfirmedController:42 - external.letiuka.modelviewcontroller.model.dto.AccountListDTO@5829ad0e
2018-05-19 17:05:38 DEBUG ListUnconfirmedController:43 - external.letiuka.modelviewcontroller.model.dto.PaginationDTO@4119e7e8
2018-05-19 17:05:38 DEBUG ListUnconfirmedController:44 - [external.letiuka.modelviewcontroller.model.dto.DepositBankAccountDTO@59b6efd8, external.letiuka.modelviewcontroller.model.dto.CreditBankAccountDTO@616dfba8, external.letiuka.modelviewcontroller.model.dto.CreditBankAccountDTO@74b97b56, external.letiuka.modelviewcontroller.model.dto.CreditBankAccountDTO@7a91f48e, external.letiuka.modelviewcontroller.model.dto.CreditBankAccountDTO@14371c2b, external.letiuka.modelviewcontroller.model.dto.CreditBankAccountDTO@1a0915be, external.letiuka.modelviewcontroller.model.dto.CreditBankAccountDTO@25d5ae62, external.letiuka.modelviewcontroller.model.dto.CreditBankAccountDTO@50151bd2, external.letiuka.modelviewcontroller.model.dto.CreditBankAccountDTO@7c6f93bf, external.letiuka.modelviewcontroller.model.dto.CreditBankAccountDTO@2e19dd69]
2018-05-19 17:06:01 DEBUG LatestGetURIFilter:32 - Set latest-get-uri to /bankapp/dispatcher?action=account-page&account-number=6051824905152175
2018-05-19 17:06:01 WARN  DefaultTransactionDAO:340 - Failed to read entity from database
2018-05-19 17:06:01 ERROR AccountInfoController:57 - Failed
2018-05-19 17:08:47 INFO  ContextInitListener:17 - Deployed web application
2018-05-19 17:09:23 DEBUG LatestGetURIFilter:32 - Set latest-get-uri to /bankapp/main/register-credit-account.jsp
2018-05-19 17:09:25 DEBUG LatestGetURIFilter:32 - Set latest-get-uri to /bankapp/auth/log-in.jsp
2018-05-19 17:09:30 DEBUG LatestGetURIFilter:32 - Set latest-get-uri to /bankapp/main/home.jsp
2018-05-19 17:09:33 DEBUG LatestGetURIFilter:32 - Set latest-get-uri to /bankapp/dispatcher?action=list-unconfirmed&page=1
2018-05-19 17:09:33 DEBUG ListUnconfirmedController:42 - external.letiuka.modelviewcontroller.model.dto.AccountListDTO@71340e0
2018-05-19 17:09:33 DEBUG ListUnconfirmedController:43 - external.letiuka.modelviewcontroller.model.dto.PaginationDTO@2f10689f
2018-05-19 17:09:33 DEBUG ListUnconfirmedController:44 - [external.letiuka.modelviewcontroller.model.dto.DepositBankAccountDTO@251f29da, external.letiuka.modelviewcontroller.model.dto.CreditBankAccountDTO@5cd0850f, external.letiuka.modelviewcontroller.model.dto.CreditBankAccountDTO@41d9da35, external.letiuka.modelviewcontroller.model.dto.CreditBankAccountDTO@6da11601, external.letiuka.modelviewcontroller.model.dto.CreditBankAccountDTO@31acb396, external.letiuka.modelviewcontroller.model.dto.CreditBankAccountDTO@698cb051, external.letiuka.modelviewcontroller.model.dto.CreditBankAccountDTO@660bd727, external.letiuka.modelviewcontroller.model.dto.CreditBankAccountDTO@37fd4f9, external.letiuka.modelviewcontroller.model.dto.CreditBankAccountDTO@571be703, external.letiuka.modelviewcontroller.model.dto.CreditBankAccountDTO@5b99db89]
2018-05-19 17:09:36 DEBUG LatestGetURIFilter:32 - Set latest-get-uri to /bankapp/dispatcher?action=account-page&account-number=6051824905152175
2018-05-19 17:11:00 DEBUG LatestGetURIFilter:32 - Set latest-get-uri to /bankapp/dispatcher?action=account-page&account-number=6051824905152175
2018-05-19 17:11:16 DEBUG LatestGetURIFilter:32 - Set latest-get-uri to /bankapp/dispatcher?action=account-page&account-number=6051824905152175
2018-05-19 17:11:26 WARN  DefaultBankAccountDAO:615 - Failed to update entity in database
2018-05-19 17:11:26 WARN  TransferMoneyController:43 - Failed to transfer money
2018-05-19 17:11:53 DEBUG LatestGetURIFilter:32 - Set latest-get-uri to /bankapp/dispatcher?action=account-page&account-number=6051824905152175
2018-05-19 17:11:54 DEBUG LatestGetURIFilter:32 - Set latest-get-uri to /bankapp/dispatcher?action=account-page&account-number=6051824905152175
2018-05-19 17:11:55 DEBUG LatestGetURIFilter:32 - Set latest-get-uri to /bankapp/dispatcher?action=account-page&account-number=6051824905152175
2018-05-19 17:15:16 INFO  ContextInitListener:17 - Deployed web application
2018-05-19 17:15:18 DEBUG LatestGetURIFilter:32 - Set latest-get-uri to /bankapp/main/register-credit-account.jsp
2018-05-19 17:15:24 DEBUG LatestGetURIFilter:32 - Set latest-get-uri to /bankapp/auth/log-in.jsp
2018-05-19 17:15:29 DEBUG LatestGetURIFilter:32 - Set latest-get-uri to /bankapp/main/home.jsp
2018-05-19 17:15:32 DEBUG LatestGetURIFilter:32 - Set latest-get-uri to /bankapp/dispatcher?action=list-unconfirmed&page=1
2018-05-19 17:15:32 DEBUG ListUnconfirmedController:42 - external.letiuka.modelviewcontroller.model.dto.AccountListDTO@4fc581e
2018-05-19 17:15:32 DEBUG ListUnconfirmedController:43 - external.letiuka.modelviewcontroller.model.dto.PaginationDTO@7bc75b50
2018-05-19 17:15:32 DEBUG ListUnconfirmedController:44 - [external.letiuka.modelviewcontroller.model.dto.DepositBankAccountDTO@1baf5f15, external.letiuka.modelviewcontroller.model.dto.CreditBankAccountDTO@54a3b2a2, external.letiuka.modelviewcontroller.model.dto.CreditBankAccountDTO@32f93c80, external.letiuka.modelviewcontroller.model.dto.CreditBankAccountDTO@7325ec54, external.letiuka.modelviewcontroller.model.dto.CreditBankAccountDTO@121342d2, external.letiuka.modelviewcontroller.model.dto.CreditBankAccountDTO@5becd490, external.letiuka.modelviewcontroller.model.dto.CreditBankAccountDTO@208aee51, external.letiuka.modelviewcontroller.model.dto.CreditBankAccountDTO@7c91f158, external.letiuka.modelviewcontroller.model.dto.CreditBankAccountDTO@741c39ca, external.letiuka.modelviewcontroller.model.dto.CreditBankAccountDTO@49e92b8d]
2018-05-19 17:15:42 DEBUG LatestGetURIFilter:32 - Set latest-get-uri to /bankapp/dispatcher?action=account-page&account-number=6051824905152175
2018-05-19 17:15:49 WARN  DefaultBankAccountDAO:615 - Failed to update entity in database
2018-05-19 17:15:49 DEBUG DefaultBankAccountDAO:616 - You have an error in your SQL syntax; check the manual that corresponds to your MySQL server version for the right syntax to use near ') WHERE `bank_account_id` = 7' at line 1
2018-05-19 17:15:49 WARN  TransferMoneyController:43 - Failed to transfer money
2018-05-19 17:17:09 INFO  ContextInitListener:17 - Deployed web application
2018-05-19 17:17:46 DEBUG LatestGetURIFilter:32 - Set latest-get-uri to /bankapp/main/register-credit-account.jsp
2018-05-19 17:17:51 DEBUG LatestGetURIFilter:32 - Set latest-get-uri to /bankapp/auth/log-in.jsp
2018-05-19 17:17:57 DEBUG LatestGetURIFilter:32 - Set latest-get-uri to /bankapp/main/home.jsp
2018-05-19 17:17:59 DEBUG LatestGetURIFilter:32 - Set latest-get-uri to /bankapp/dispatcher?action=list-unconfirmed&page=1
2018-05-19 17:17:59 DEBUG ListUnconfirmedController:42 - external.letiuka.modelviewcontroller.model.dto.AccountListDTO@6f4c0cb0
2018-05-19 17:17:59 DEBUG ListUnconfirmedController:43 - external.letiuka.modelviewcontroller.model.dto.PaginationDTO@2faced52
2018-05-19 17:17:59 DEBUG ListUnconfirmedController:44 - [external.letiuka.modelviewcontroller.model.dto.DepositBankAccountDTO@7d58ef5c, external.letiuka.modelviewcontroller.model.dto.CreditBankAccountDTO@309c2fac, external.letiuka.modelviewcontroller.model.dto.CreditBankAccountDTO@3f3a8c83, external.letiuka.modelviewcontroller.model.dto.CreditBankAccountDTO@7734204b, external.letiuka.modelviewcontroller.model.dto.CreditBankAccountDTO@4dac03fe, external.letiuka.modelviewcontroller.model.dto.CreditBankAccountDTO@1c9cb4a8, external.letiuka.modelviewcontroller.model.dto.CreditBankAccountDTO@77a97d2c, external.letiuka.modelviewcontroller.model.dto.CreditBankAccountDTO@21493dea, external.letiuka.modelviewcontroller.model.dto.CreditBankAccountDTO@c5769ce, external.letiuka.modelviewcontroller.model.dto.CreditBankAccountDTO@7597a518]
2018-05-19 17:18:02 DEBUG LatestGetURIFilter:32 - Set latest-get-uri to /bankapp/dispatcher?action=account-page&account-number=6051824905152175
2018-05-19 17:18:18 WARN  DefaultBankAccountDAO:615 - Failed to update entity in database
2018-05-19 17:18:18 DEBUG DefaultBankAccountDAO:616 - You have an error in your SQL syntax; check the manual that corresponds to your MySQL server version for the right syntax to use near ') WHERE `bank_account_id` = 7' at line 1
2018-05-19 17:18:18 WARN  TransferMoneyController:43 - Failed to transfer money
2018-05-19 17:20:12 INFO  ContextInitListener:17 - Deployed web application
2018-05-19 17:20:46 DEBUG LatestGetURIFilter:32 - Set latest-get-uri to /bankapp/main/register-credit-account.jsp
2018-05-19 17:20:49 DEBUG LatestGetURIFilter:32 - Set latest-get-uri to /bankapp/auth/log-in.jsp
2018-05-19 17:20:53 DEBUG LatestGetURIFilter:32 - Set latest-get-uri to /bankapp/main/home.jsp
2018-05-19 17:20:55 DEBUG LatestGetURIFilter:32 - Set latest-get-uri to /bankapp/dispatcher?action=list-unconfirmed&page=1
2018-05-19 17:20:55 DEBUG ListUnconfirmedController:42 - external.letiuka.modelviewcontroller.model.dto.AccountListDTO@638dd66
2018-05-19 17:20:55 DEBUG ListUnconfirmedController:43 - external.letiuka.modelviewcontroller.model.dto.PaginationDTO@4a80890e
2018-05-19 17:20:55 DEBUG ListUnconfirmedController:44 - [external.letiuka.modelviewcontroller.model.dto.DepositBankAccountDTO@10188d80, external.letiuka.modelviewcontroller.model.dto.CreditBankAccountDTO@325d70e2, external.letiuka.modelviewcontroller.model.dto.CreditBankAccountDTO@72ce4822, external.letiuka.modelviewcontroller.model.dto.CreditBankAccountDTO@3cc8778c, external.letiuka.modelviewcontroller.model.dto.CreditBankAccountDTO@68e89918, external.letiuka.modelviewcontroller.model.dto.CreditBankAccountDTO@31eb3e87, external.letiuka.modelviewcontroller.model.dto.CreditBankAccountDTO@3164efc0, external.letiuka.modelviewcontroller.model.dto.CreditBankAccountDTO@4eef8a77, external.letiuka.modelviewcontroller.model.dto.CreditBankAccountDTO@6263eaeb, external.letiuka.modelviewcontroller.model.dto.CreditBankAccountDTO@a14ff26]
2018-05-19 17:20:57 DEBUG LatestGetURIFilter:32 - Set latest-get-uri to /bankapp/dispatcher?action=account-page&account-number=6051824905152175
2018-05-19 17:25:16 INFO  ContextInitListener:17 - Deployed web application
2018-05-19 17:25:43 DEBUG LatestGetURIFilter:32 - Set latest-get-uri to /bankapp/
2018-05-19 17:26:02 DEBUG LatestGetURIFilter:32 - Set latest-get-uri to /bankapp/auth/log-in.jsp
2018-05-19 17:26:09 DEBUG LatestGetURIFilter:32 - Set latest-get-uri to /bankapp/main/home.jsp
2018-05-19 17:26:11 DEBUG LatestGetURIFilter:32 - Set latest-get-uri to /bankapp/dispatcher?action=list-unconfirmed&page=1
2018-05-19 17:26:11 DEBUG ListUnconfirmedController:42 - external.letiuka.modelviewcontroller.model.dto.AccountListDTO@702ceda2
2018-05-19 17:26:11 DEBUG ListUnconfirmedController:43 - external.letiuka.modelviewcontroller.model.dto.PaginationDTO@6019b153
2018-05-19 17:26:11 DEBUG ListUnconfirmedController:44 - [external.letiuka.modelviewcontroller.model.dto.DepositBankAccountDTO@14d5dbc4, external.letiuka.modelviewcontroller.model.dto.CreditBankAccountDTO@4826f5cf, external.letiuka.modelviewcontroller.model.dto.CreditBankAccountDTO@5ff05094, external.letiuka.modelviewcontroller.model.dto.CreditBankAccountDTO@72cee110, external.letiuka.modelviewcontroller.model.dto.CreditBankAccountDTO@48ff0f76, external.letiuka.modelviewcontroller.model.dto.CreditBankAccountDTO@3788132b, external.letiuka.modelviewcontroller.model.dto.CreditBankAccountDTO@6a2191be, external.letiuka.modelviewcontroller.model.dto.CreditBankAccountDTO@6f622b8b, external.letiuka.modelviewcontroller.model.dto.CreditBankAccountDTO@5fd61dae, external.letiuka.modelviewcontroller.model.dto.CreditBankAccountDTO@28b04c34]
2018-05-19 17:26:13 DEBUG LatestGetURIFilter:32 - Set latest-get-uri to /bankapp/dispatcher?action=account-page&account-number=6051824905152175
2018-05-19 17:26:26 WARN  DefaultTransactionDAO:85 - Failed to add entity to database
2018-05-19 17:26:26 WARN  TransferMoneyController:43 - Failed to transfer money
2018-05-19 17:28:04 INFO  ContextInitListener:17 - Deployed web application
2018-05-19 17:28:20 DEBUG LatestGetURIFilter:32 - Set latest-get-uri to /bankapp/dispatcher?action=account-page&account-number=6051824905152175
2018-05-19 17:28:22 DEBUG LatestGetURIFilter:32 - Set latest-get-uri to /bankapp/main/register-credit-account.jsp
2018-05-19 17:28:24 DEBUG LatestGetURIFilter:32 - Set latest-get-uri to /bankapp/auth/log-in.jsp
2018-05-19 17:28:30 DEBUG LatestGetURIFilter:32 - Set latest-get-uri to /bankapp/main/home.jsp
2018-05-19 17:28:36 DEBUG LatestGetURIFilter:32 - Set latest-get-uri to /bankapp/dispatcher?action=list-unconfirmed&page=1
2018-05-19 17:28:36 DEBUG ListUnconfirmedController:42 - external.letiuka.modelviewcontroller.model.dto.AccountListDTO@4ef589e
2018-05-19 17:28:36 DEBUG ListUnconfirmedController:43 - external.letiuka.modelviewcontroller.model.dto.PaginationDTO@4c30aa25
2018-05-19 17:28:36 DEBUG ListUnconfirmedController:44 - [external.letiuka.modelviewcontroller.model.dto.DepositBankAccountDTO@52456aee, external.letiuka.modelviewcontroller.model.dto.CreditBankAccountDTO@438dfb9e, external.letiuka.modelviewcontroller.model.dto.CreditBankAccountDTO@9a962b, external.letiuka.modelviewcontroller.model.dto.CreditBankAccountDTO@4932759f, external.letiuka.modelviewcontroller.model.dto.CreditBankAccountDTO@30d9644d, external.letiuka.modelviewcontroller.model.dto.CreditBankAccountDTO@1c2438c3, external.letiuka.modelviewcontroller.model.dto.CreditBankAccountDTO@48dbcea2, external.letiuka.modelviewcontroller.model.dto.CreditBankAccountDTO@121fd4ab, external.letiuka.modelviewcontroller.model.dto.CreditBankAccountDTO@691f21a9, external.letiuka.modelviewcontroller.model.dto.CreditBankAccountDTO@5440fe69]
2018-05-19 17:28:37 DEBUG LatestGetURIFilter:32 - Set latest-get-uri to /bankapp/dispatcher?action=account-page&account-number=6051824905152175
2018-05-19 17:28:43 WARN  DefaultTransactionDAO:85 - Failed to add entity to database
2018-05-19 17:28:43 DEBUG DefaultTransactionDAO:86 - Unknown column 'transacction_type' in 'field list'
2018-05-19 17:28:43 WARN  TransferMoneyController:43 - Failed to transfer money
2018-05-19 17:30:11 INFO  ContextInitListener:17 - Deployed web application
2018-05-19 17:31:05 DEBUG LatestGetURIFilter:32 - Set latest-get-uri to /bankapp/main/register-credit-account.jsp
2018-05-19 17:31:07 DEBUG LatestGetURIFilter:32 - Set latest-get-uri to /bankapp/auth/log-in.jsp
2018-05-19 17:31:24 DEBUG LatestGetURIFilter:32 - Set latest-get-uri to /bankapp/main/home.jsp
2018-05-19 17:31:26 DEBUG LatestGetURIFilter:32 - Set latest-get-uri to /bankapp/dispatcher?action=list-unconfirmed&page=1
2018-05-19 17:31:27 DEBUG ListUnconfirmedController:42 - external.letiuka.modelviewcontroller.model.dto.AccountListDTO@582e70c3
2018-05-19 17:31:27 DEBUG ListUnconfirmedController:43 - external.letiuka.modelviewcontroller.model.dto.PaginationDTO@3ee6733f
2018-05-19 17:31:27 DEBUG ListUnconfirmedController:44 - [external.letiuka.modelviewcontroller.model.dto.DepositBankAccountDTO@5deee43, external.letiuka.modelviewcontroller.model.dto.CreditBankAccountDTO@5d1aa6b0, external.letiuka.modelviewcontroller.model.dto.CreditBankAccountDTO@76997db8, external.letiuka.modelviewcontroller.model.dto.CreditBankAccountDTO@7b6b97df, external.letiuka.modelviewcontroller.model.dto.CreditBankAccountDTO@9b5c207, external.letiuka.modelviewcontroller.model.dto.CreditBankAccountDTO@192caa7, external.letiuka.modelviewcontroller.model.dto.CreditBankAccountDTO@3cdb0390, external.letiuka.modelviewcontroller.model.dto.CreditBankAccountDTO@1b29bebb, external.letiuka.modelviewcontroller.model.dto.CreditBankAccountDTO@3c2be223, external.letiuka.modelviewcontroller.model.dto.CreditBankAccountDTO@2b7bc0f3]
2018-05-19 17:31:28 DEBUG LatestGetURIFilter:32 - Set latest-get-uri to /bankapp/dispatcher?action=account-page&account-number=6051824905152175
2018-05-19 17:31:52 DEBUG LatestGetURIFilter:32 - Set latest-get-uri to /bankapp/dispatcher?action=account-page&account-number=6051824905152175
2018-05-19 17:31:52 WARN  DefaultTransactionDAO:342 - Failed to read entity from database
2018-05-19 17:31:52 ERROR AccountInfoController:58 - Failed
2018-05-19 17:31:59 DEBUG LatestGetURIFilter:32 - Set latest-get-uri to /bankapp/main/register-credit-account.jsp
2018-05-19 17:32:00 DEBUG LatestGetURIFilter:32 - Set latest-get-uri to /bankapp/dispatcher?action=list-unconfirmed&page=1
2018-05-19 17:32:01 DEBUG ListUnconfirmedController:42 - external.letiuka.modelviewcontroller.model.dto.AccountListDTO@3648378
2018-05-19 17:32:01 DEBUG ListUnconfirmedController:43 - external.letiuka.modelviewcontroller.model.dto.PaginationDTO@d0b1242
2018-05-19 17:32:01 DEBUG ListUnconfirmedController:44 - [external.letiuka.modelviewcontroller.model.dto.DepositBankAccountDTO@2de59631, external.letiuka.modelviewcontroller.model.dto.CreditBankAccountDTO@73aedb1c, external.letiuka.modelviewcontroller.model.dto.CreditBankAccountDTO@54f6e952, external.letiuka.modelviewcontroller.model.dto.CreditBankAccountDTO@13a788c, external.letiuka.modelviewcontroller.model.dto.CreditBankAccountDTO@ef3284, external.letiuka.modelviewcontroller.model.dto.CreditBankAccountDTO@59c6fbe, external.letiuka.modelviewcontroller.model.dto.CreditBankAccountDTO@66c3ba26, external.letiuka.modelviewcontroller.model.dto.CreditBankAccountDTO@34ef506a, external.letiuka.modelviewcontroller.model.dto.CreditBankAccountDTO@4d6d2f61, external.letiuka.modelviewcontroller.model.dto.CreditBankAccountDTO@2bea58ed]
2018-05-19 17:32:02 DEBUG LatestGetURIFilter:32 - Set latest-get-uri to /bankapp/dispatcher?action=account-page&account-number=6051824905152175
2018-05-19 17:32:02 WARN  DefaultTransactionDAO:342 - Failed to read entity from database
2018-05-19 17:32:02 ERROR AccountInfoController:58 - Failed
2018-05-19 17:32:05 DEBUG LatestGetURIFilter:32 - Set latest-get-uri to /bankapp/dispatcher?action=account-page&account-number=2095899715480295
2018-05-19 17:32:10 DEBUG LatestGetURIFilter:32 - Set latest-get-uri to /bankapp/dispatcher?action=account-page&account-number=6051824905152175
2018-05-19 17:32:10 WARN  DefaultTransactionDAO:342 - Failed to read entity from database
2018-05-19 17:32:10 ERROR AccountInfoController:58 - Failed
2018-05-19 17:34:10 INFO  ContextInitListener:17 - Deployed web application
2018-05-19 17:34:12 DEBUG LatestGetURIFilter:32 - Set latest-get-uri to /bankapp/main/register-credit-account.jsp
2018-05-19 17:34:15 DEBUG LatestGetURIFilter:32 - Set latest-get-uri to /bankapp/auth/log-in.jsp
2018-05-19 17:34:20 DEBUG LatestGetURIFilter:32 - Set latest-get-uri to /bankapp/main/home.jsp
2018-05-19 17:34:28 DEBUG LatestGetURIFilter:32 - Set latest-get-uri to /bankapp/dispatcher?action=list-unconfirmed&page=1
2018-05-19 17:34:28 DEBUG ListUnconfirmedController:42 - external.letiuka.modelviewcontroller.model.dto.AccountListDTO@748727cc
2018-05-19 17:34:28 DEBUG ListUnconfirmedController:43 - external.letiuka.modelviewcontroller.model.dto.PaginationDTO@1c1d73dd
2018-05-19 17:34:28 DEBUG ListUnconfirmedController:44 - [external.letiuka.modelviewcontroller.model.dto.DepositBankAccountDTO@3517a870, external.letiuka.modelviewcontroller.model.dto.CreditBankAccountDTO@55980653, external.letiuka.modelviewcontroller.model.dto.CreditBankAccountDTO@18ecf26b, external.letiuka.modelviewcontroller.model.dto.CreditBankAccountDTO@6f98f930, external.letiuka.modelviewcontroller.model.dto.CreditBankAccountDTO@6744889b, external.letiuka.modelviewcontroller.model.dto.CreditBankAccountDTO@727ba0be, external.letiuka.modelviewcontroller.model.dto.CreditBankAccountDTO@dfb7b30, external.letiuka.modelviewcontroller.model.dto.CreditBankAccountDTO@250242c6, external.letiuka.modelviewcontroller.model.dto.CreditBankAccountDTO@66c116ad, external.letiuka.modelviewcontroller.model.dto.CreditBankAccountDTO@4910249b]
2018-05-19 17:34:29 DEBUG LatestGetURIFilter:32 - Set latest-get-uri to /bankapp/dispatcher?action=account-page&account-number=6051824905152175
2018-05-19 17:34:29 WARN  DefaultTransactionDAO:342 - Failed to read entity from database
2018-05-19 17:34:29 DEBUG DefaultTransactionDAO:343 - Column 'account_type' not found.
2018-05-19 17:34:29 ERROR AccountInfoController:58 - Failed
2018-05-19 17:35:54 INFO  ContextInitListener:17 - Deployed web application
2018-05-19 17:35:55 DEBUG LatestGetURIFilter:32 - Set latest-get-uri to /bankapp/main/register-credit-account.jsp
2018-05-19 17:36:12 DEBUG LatestGetURIFilter:32 - Set latest-get-uri to /bankapp/auth/log-in.jsp
2018-05-19 17:36:56 DEBUG LatestGetURIFilter:32 - Set latest-get-uri to /bankapp/main/home.jsp
2018-05-19 17:37:03 DEBUG LatestGetURIFilter:32 - Set latest-get-uri to /bankapp/dispatcher?action=list-unconfirmed&page=1
2018-05-19 17:37:03 DEBUG ListUnconfirmedController:42 - external.letiuka.modelviewcontroller.model.dto.AccountListDTO@3879741e
2018-05-19 17:37:03 DEBUG ListUnconfirmedController:43 - external.letiuka.modelviewcontroller.model.dto.PaginationDTO@13c4836f
2018-05-19 17:37:03 DEBUG ListUnconfirmedController:44 - [external.letiuka.modelviewcontroller.model.dto.DepositBankAccountDTO@4dc6a2e5, external.letiuka.modelviewcontroller.model.dto.CreditBankAccountDTO@12a07046, external.letiuka.modelviewcontroller.model.dto.CreditBankAccountDTO@610a2f88, external.letiuka.modelviewcontroller.model.dto.CreditBankAccountDTO@56e2073d, external.letiuka.modelviewcontroller.model.dto.CreditBankAccountDTO@2ecb568e, external.letiuka.modelviewcontroller.model.dto.CreditBankAccountDTO@3ff82151, external.letiuka.modelviewcontroller.model.dto.CreditBankAccountDTO@fbe2f49, external.letiuka.modelviewcontroller.model.dto.CreditBankAccountDTO@49230a6c, external.letiuka.modelviewcontroller.model.dto.CreditBankAccountDTO@3da84ae0, external.letiuka.modelviewcontroller.model.dto.CreditBankAccountDTO@432416ad]
2018-05-19 17:37:07 DEBUG LatestGetURIFilter:32 - Set latest-get-uri to /bankapp/dispatcher?action=account-page&account-number=6051824905152175
2018-05-19 17:37:15 DEBUG LatestGetURIFilter:32 - Set latest-get-uri to /bankapp/dispatcher?action=account-page&account-number=0176951181886680
2018-05-19 17:37:32 DEBUG LatestGetURIFilter:32 - Set latest-get-uri to /bankapp/dispatcher?action=account-page&account-number=6051824905152175
2018-05-19 17:48:56 DEBUG LatestGetURIFilter:32 - Set latest-get-uri to /bankapp/dispatcher?action=account-page&account-number=6051824905152175
2018-05-19 17:49:50 DEBUG LatestGetURIFilter:32 - Set latest-get-uri to /bankapp/dispatcher?action=account-page&account-number=6051824905152175
2018-05-19 17:50:09 DEBUG LatestGetURIFilter:32 - Set latest-get-uri to /bankapp/dispatcher?action=account-page&account-number=6051824905152175
2018-05-19 17:50:29 DEBUG LatestGetURIFilter:32 - Set latest-get-uri to /bankapp/dispatcher?action=account-page&account-number=6051824905152175
2018-05-19 17:52:37 DEBUG LatestGetURIFilter:32 - Set latest-get-uri to /bankapp/dispatcher?action=account-page&account-number=6051824905152175
2018-05-19 17:53:45 INFO  ContextInitListener:17 - Deployed web application
2018-05-19 18:19:00 INFO  ContextInitListener:17 - Deployed web application
2018-05-19 18:19:04 DEBUG LatestGetURIFilter:32 - Set latest-get-uri to /bankapp/
2018-05-19 18:19:07 DEBUG LatestGetURIFilter:32 - Set latest-get-uri to /bankapp/auth/log-in.jsp
2018-05-19 18:20:21 DEBUG LatestGetURIFilter:32 - Set latest-get-uri to /bankapp/auth/log-in.jsp
2018-05-19 18:20:21 DEBUG LatestGetURIFilter:32 - Set latest-get-uri to /bankapp/auth/log-in.jsp
2018-05-19 18:20:48 DEBUG LatestGetURIFilter:32 - Set latest-get-uri to /bankapp/auth/log-in.jsp
2018-05-19 18:23:27 DEBUG LatestGetURIFilter:32 - Set latest-get-uri to /bankapp/auth/log-in.jsp
2018-05-19 18:23:39 DEBUG LatestGetURIFilter:32 - Set latest-get-uri to /bankapp/auth/log-in.jsp
2018-05-19 18:32:53 DEBUG LatestGetURIFilter:32 - Set latest-get-uri to /bankapp/auth/log-in.jsp
2018-05-19 19:32:45 INFO  ContextInitListener:17 - Deployed web application
2018-05-19 19:32:52 DEBUG LatestGetURIFilter:33 - Set latest-get-uri to /bankapp/auth/log-in.jsp
2018-05-19 19:34:00 INFO  ContextInitListener:17 - Deployed web application
2018-05-19 19:34:13 DEBUG LatestGetURIFilter:33 - Set latest-get-uri to /bankapp/auth/log-in.jsp
2018-05-19 19:34:35 DEBUG LatestGetURIFilter:33 - Set latest-get-uri to /bankapp/auth/log-in.jsp
2018-05-19 19:35:54 DEBUG LatestGetURIFilter:33 - Set latest-get-uri to /bankapp/auth/log-in.jsp
2018-05-19 19:36:48 DEBUG LatestGetURIFilter:33 - Set latest-get-uri to /bankapp/auth/log-in.jsp
2018-05-19 19:37:29 DEBUG LatestGetURIFilter:33 - Set latest-get-uri to /bankapp/auth/log-in.jsp
2018-05-19 19:38:31 INFO  ContextInitListener:17 - Deployed web application
2018-05-19 19:39:02 DEBUG LatestGetURIFilter:33 - Set latest-get-uri to /bankapp/auth/log-in.jsp
2018-05-19 19:39:06 DEBUG LatestGetURIFilter:33 - Set latest-get-uri to /bankapp/auth/log-in.jsp
2018-05-19 19:39:08 DEBUG LatestGetURIFilter:33 - Set latest-get-uri to /bankapp/auth/log-in.jsp
2018-05-19 19:39:10 DEBUG LatestGetURIFilter:33 - Set latest-get-uri to /bankapp/auth/log-in.jsp
2018-05-19 19:39:12 DEBUG LatestGetURIFilter:33 - Set latest-get-uri to /bankapp/auth/log-in.jsp
2018-05-19 19:39:36 DEBUG LatestGetURIFilter:33 - Set latest-get-uri to /bankapp/auth/log-in.jsp
2018-05-19 19:41:20 INFO  ContextInitListener:17 - Deployed web application
2018-05-19 19:41:21 DEBUG LatestGetURIFilter:33 - Set latest-get-uri to /bankapp/auth/log-in.jsp
2018-05-19 19:41:34 DEBUG LatestGetURIFilter:33 - Set latest-get-uri to /bankapp/auth/log-in.jsp
2018-05-19 19:41:36 DEBUG LatestGetURIFilter:33 - Set latest-get-uri to /bankapp/auth/log-in.jsp
2018-05-19 19:41:37 DEBUG LatestGetURIFilter:33 - Set latest-get-uri to /bankapp/auth/log-in.jsp
2018-05-19 19:41:38 DEBUG LatestGetURIFilter:33 - Set latest-get-uri to /bankapp/auth/log-in.jsp
2018-05-19 19:41:39 DEBUG LatestGetURIFilter:33 - Set latest-get-uri to /bankapp/auth/log-in.jsp
2018-05-19 19:41:40 DEBUG LatestGetURIFilter:33 - Set latest-get-uri to /bankapp/auth/log-in.jsp
2018-05-19 19:41:41 DEBUG LatestGetURIFilter:33 - Set latest-get-uri to /bankapp/auth/log-in.jsp
2018-05-19 19:41:42 DEBUG LatestGetURIFilter:33 - Set latest-get-uri to /bankapp/auth/log-in.jsp
2018-05-19 19:41:43 DEBUG LatestGetURIFilter:33 - Set latest-get-uri to /bankapp/auth/log-in.jsp
2018-05-19 19:41:44 DEBUG LatestGetURIFilter:33 - Set latest-get-uri to /bankapp/auth/log-in.jsp
2018-05-19 19:48:05 INFO  ContextInitListener:17 - Deployed web application
2018-05-19 19:50:48 DEBUG LatestGetURIFilter:33 - Set latest-get-uri to /bankapp/auth/log-in.jsp
2018-05-19 19:50:53 DEBUG LatestGetURIFilter:33 - Set latest-get-uri to /bankapp/auth/log-in.jsp
2018-05-19 19:50:54 DEBUG LatestGetURIFilter:33 - Set latest-get-uri to /bankapp/auth/log-in.jsp
2018-05-19 19:52:06 DEBUG LatestGetURIFilter:33 - Set latest-get-uri to /bankapp/auth/log-in.jsp
2018-05-19 19:52:07 DEBUG LatestGetURIFilter:33 - Set latest-get-uri to /bankapp/auth/log-in.jsp
2018-05-19 19:52:36 DEBUG LatestGetURIFilter:33 - Set latest-get-uri to /bankapp/auth/log-in.jsp
2018-05-19 19:52:44 DEBUG LatestGetURIFilter:33 - Set latest-get-uri to /bankapp/auth/log-in.jsp
2018-05-19 19:52:45 DEBUG LatestGetURIFilter:33 - Set latest-get-uri to /bankapp/auth/log-in.jsp
2018-05-19 19:54:03 DEBUG LatestGetURIFilter:33 - Set latest-get-uri to /bankapp/auth/log-in.jsp
2018-05-19 19:54:06 DEBUG LatestGetURIFilter:33 - Set latest-get-uri to /bankapp/auth/log-in.jsp
2018-05-19 19:54:09 DEBUG LatestGetURIFilter:33 - Set latest-get-uri to /bankapp/auth/log-in.jsp
2018-05-19 19:54:11 DEBUG LatestGetURIFilter:33 - Set latest-get-uri to /bankapp/auth/log-in.jsp
2018-05-19 19:54:12 DEBUG LatestGetURIFilter:33 - Set latest-get-uri to /bankapp/auth/log-in.jsp
2018-05-19 19:56:56 DEBUG LatestGetURIFilter:33 - Set latest-get-uri to /bankapp/auth/log-in.jsp
2018-05-19 19:56:58 DEBUG LatestGetURIFilter:33 - Set latest-get-uri to /bankapp/auth/log-in.jsp
2018-05-19 19:57:00 DEBUG LatestGetURIFilter:33 - Set latest-get-uri to /bankapp/auth/log-in.jsp
2018-05-19 19:57:01 DEBUG LatestGetURIFilter:33 - Set latest-get-uri to /bankapp/auth/log-in.jsp
2018-05-19 19:57:34 INFO  ContextInitListener:17 - Deployed web application
2018-05-19 19:57:56 DEBUG LatestGetURIFilter:33 - Set latest-get-uri to /bankapp/auth/log-in.jsp
2018-05-19 19:57:58 DEBUG LatestGetURIFilter:33 - Set latest-get-uri to /bankapp/auth/log-in.jsp
2018-05-19 19:58:00 DEBUG LatestGetURIFilter:33 - Set latest-get-uri to /bankapp/auth/log-in.jsp
2018-05-19 19:58:01 DEBUG LatestGetURIFilter:33 - Set latest-get-uri to /bankapp/auth/log-in.jsp
2018-05-19 19:58:34 DEBUG LatestGetURIFilter:33 - Set latest-get-uri to /bankapp/auth/log-in.jsp
2018-05-19 19:58:35 DEBUG LatestGetURIFilter:33 - Set latest-get-uri to /bankapp/auth/log-in.jsp
2018-05-19 19:58:35 DEBUG LatestGetURIFilter:33 - Set latest-get-uri to /bankapp/auth/log-in.jsp
2018-05-19 19:58:36 DEBUG LatestGetURIFilter:33 - Set latest-get-uri to /bankapp/auth/log-in.jsp
2018-05-19 19:58:48 DEBUG LatestGetURIFilter:33 - Set latest-get-uri to /bankapp/auth/log-in.jsp
2018-05-19 19:58:48 DEBUG LatestGetURIFilter:33 - Set latest-get-uri to /bankapp/auth/log-in.jsp
2018-05-19 19:59:07 DEBUG LatestGetURIFilter:33 - Set latest-get-uri to /bankapp/auth/log-in.jsp
2018-05-19 19:59:11 DEBUG LatestGetURIFilter:33 - Set latest-get-uri to /bankapp/auth/log-in.jsp
2018-05-19 19:59:12 DEBUG LatestGetURIFilter:33 - Set latest-get-uri to /bankapp/auth/log-in.jsp
2018-05-19 19:59:12 DEBUG LatestGetURIFilter:33 - Set latest-get-uri to /bankapp/auth/log-in.jsp
2018-05-19 19:59:14 DEBUG LatestGetURIFilter:33 - Set latest-get-uri to /bankapp/auth/log-in.jsp
2018-05-19 19:59:14 DEBUG LatestGetURIFilter:33 - Set latest-get-uri to /bankapp/auth/log-in.jsp
2018-05-19 19:59:16 DEBUG LatestGetURIFilter:33 - Set latest-get-uri to /bankapp/auth/log-in.jsp
2018-05-19 19:59:16 DEBUG LatestGetURIFilter:33 - Set latest-get-uri to /bankapp/auth/log-in.jsp
2018-05-19 19:59:17 DEBUG LatestGetURIFilter:33 - Set latest-get-uri to /bankapp/auth/log-in.jsp
2018-05-19 19:59:18 DEBUG LatestGetURIFilter:33 - Set latest-get-uri to /bankapp/auth/log-in.jsp
2018-05-19 19:59:19 DEBUG LatestGetURIFilter:33 - Set latest-get-uri to /bankapp/auth/log-in.jsp
2018-05-19 19:59:19 DEBUG LatestGetURIFilter:33 - Set latest-get-uri to /bankapp/auth/log-in.jsp
2018-05-19 19:59:21 DEBUG LatestGetURIFilter:33 - Set latest-get-uri to /bankapp/auth/log-in.jsp
2018-05-19 19:59:22 DEBUG LatestGetURIFilter:33 - Set latest-get-uri to /bankapp/auth/log-in.jsp
2018-05-19 19:59:22 DEBUG LatestGetURIFilter:33 - Set latest-get-uri to /bankapp/auth/log-in.jsp
2018-05-19 19:59:52 DEBUG LatestGetURIFilter:33 - Set latest-get-uri to /bankapp/auth/log-in.jsp
2018-05-19 19:59:53 DEBUG LatestGetURIFilter:33 - Set latest-get-uri to /bankapp/auth/log-in.jsp
2018-05-19 19:59:54 DEBUG LatestGetURIFilter:33 - Set latest-get-uri to /bankapp/auth/log-in.jsp
2018-05-19 19:59:54 DEBUG LatestGetURIFilter:33 - Set latest-get-uri to /bankapp/auth/log-in.jsp
2018-05-19 19:59:55 DEBUG LatestGetURIFilter:33 - Set latest-get-uri to /bankapp/auth/log-in.jsp
2018-05-19 19:59:55 DEBUG LatestGetURIFilter:33 - Set latest-get-uri to /bankapp/auth/log-in.jsp
2018-05-19 20:01:51 DEBUG LatestGetURIFilter:33 - Set latest-get-uri to /bankapp/auth/log-in.jsp
2018-05-19 20:01:52 DEBUG LatestGetURIFilter:33 - Set latest-get-uri to /bankapp/auth/log-in.jsp
2018-05-19 20:01:53 DEBUG LatestGetURIFilter:33 - Set latest-get-uri to /bankapp/auth/log-in.jsp
2018-05-19 20:02:10 DEBUG LatestGetURIFilter:33 - Set latest-get-uri to /bankapp/main/home.jsp
2018-05-19 20:11:11 DEBUG LatestGetURIFilter:33 - Set latest-get-uri to /bankapp/
2018-05-19 20:11:14 DEBUG LatestGetURIFilter:33 - Set latest-get-uri to /bankapp/
2018-05-19 20:12:02 DEBUG LatestGetURIFilter:33 - Set latest-get-uri to /bankapp/auth/log-in.jsp
2018-05-19 20:12:03 DEBUG LatestGetURIFilter:33 - Set latest-get-uri to /bankapp/css/style.css
2018-05-19 20:16:55 DEBUG LatestGetURIFilter:33 - Set latest-get-uri to /bankapp/auth/log-in.jsp
2018-05-19 20:16:56 DEBUG LatestGetURIFilter:33 - Set latest-get-uri to /bankapp/css/style.css
2018-05-19 20:17:25 DEBUG LatestGetURIFilter:33 - Set latest-get-uri to /bankapp/auth/log-in.jsp
2018-05-19 20:17:25 DEBUG LatestGetURIFilter:33 - Set latest-get-uri to /bankapp/css/style.css
2018-05-19 20:17:37 DEBUG LatestGetURIFilter:33 - Set latest-get-uri to /bankapp/auth/log-in.jsp
2018-05-19 20:17:38 DEBUG LatestGetURIFilter:33 - Set latest-get-uri to /bankapp/css/style.css
2018-05-19 20:18:00 DEBUG LatestGetURIFilter:33 - Set latest-get-uri to /bankapp/auth/log-in.jsp
2018-05-19 20:18:00 DEBUG LatestGetURIFilter:33 - Set latest-get-uri to /bankapp/css/style.css
2018-05-19 20:18:14 DEBUG LatestGetURIFilter:33 - Set latest-get-uri to /bankapp/auth/log-in.jsp
2018-05-19 20:18:14 DEBUG LatestGetURIFilter:33 - Set latest-get-uri to /bankapp/css/style.css
2018-05-19 20:18:28 DEBUG LatestGetURIFilter:33 - Set latest-get-uri to /bankapp/auth/log-in.jsp
2018-05-19 20:18:28 DEBUG LatestGetURIFilter:33 - Set latest-get-uri to /bankapp/css/style.css
2018-05-19 20:18:42 DEBUG LatestGetURIFilter:33 - Set latest-get-uri to /bankapp/auth/log-in.jsp
2018-05-19 20:18:42 DEBUG LatestGetURIFilter:33 - Set latest-get-uri to /bankapp/css/style.css
2018-05-19 20:18:53 DEBUG LatestGetURIFilter:33 - Set latest-get-uri to /bankapp/auth/log-in.jsp
2018-05-19 20:18:53 DEBUG LatestGetURIFilter:33 - Set latest-get-uri to /bankapp/css/style.css
2018-05-19 20:18:55 DEBUG LatestGetURIFilter:33 - Set latest-get-uri to /bankapp/auth/log-in.jsp
2018-05-19 20:18:55 DEBUG LatestGetURIFilter:33 - Set latest-get-uri to /bankapp/css/style.css
2018-05-19 20:19:02 DEBUG LatestGetURIFilter:33 - Set latest-get-uri to /bankapp/auth/log-in.jsp
2018-05-19 20:19:02 DEBUG LatestGetURIFilter:33 - Set latest-get-uri to /bankapp/css/style.css
2018-05-19 20:19:11 DEBUG LatestGetURIFilter:33 - Set latest-get-uri to /bankapp/auth/log-in.jsp
2018-05-19 20:19:11 DEBUG LatestGetURIFilter:33 - Set latest-get-uri to /bankapp/css/style.css
2018-05-19 20:19:19 DEBUG LatestGetURIFilter:33 - Set latest-get-uri to /bankapp/auth/log-in.jsp
2018-05-19 20:19:19 DEBUG LatestGetURIFilter:33 - Set latest-get-uri to /bankapp/css/style.css
2018-05-19 20:19:39 DEBUG LatestGetURIFilter:33 - Set latest-get-uri to /bankapp/auth/log-in.jsp
2018-05-19 20:19:39 DEBUG LatestGetURIFilter:33 - Set latest-get-uri to /bankapp/css/style.css
2018-05-19 20:20:03 DEBUG LatestGetURIFilter:33 - Set latest-get-uri to /bankapp/auth/log-in.jsp
2018-05-19 20:20:03 DEBUG LatestGetURIFilter:33 - Set latest-get-uri to /bankapp/css/style.css
2018-05-19 20:20:34 DEBUG LatestGetURIFilter:33 - Set latest-get-uri to /bankapp/auth/log-in.jsp
2018-05-19 20:20:34 DEBUG LatestGetURIFilter:33 - Set latest-get-uri to /bankapp/css/style.css
2018-05-19 20:20:36 DEBUG LatestGetURIFilter:33 - Set latest-get-uri to /bankapp/auth/log-in.jsp
2018-05-19 20:20:36 DEBUG LatestGetURIFilter:33 - Set latest-get-uri to /bankapp/css/style.css
2018-05-19 20:20:41 DEBUG LatestGetURIFilter:33 - Set latest-get-uri to /bankapp/auth/log-in.jsp
2018-05-19 20:20:41 DEBUG LatestGetURIFilter:33 - Set latest-get-uri to /bankapp/css/style.css
2018-05-19 20:21:01 DEBUG LatestGetURIFilter:33 - Set latest-get-uri to /bankapp/auth/log-in.jsp
2018-05-19 20:21:01 DEBUG LatestGetURIFilter:33 - Set latest-get-uri to /bankapp/css/style.css
2018-05-19 20:21:03 DEBUG LogInController:71 - User failed to log in due to failed input validation. Sent message to user: Wrong login or password
2018-05-19 20:21:03 DEBUG LatestGetURIFilter:33 - Set latest-get-uri to /bankapp/auth/log-in.jsp
2018-05-19 20:21:03 DEBUG LatestGetURIFilter:33 - Set latest-get-uri to /bankapp/css/style.css
2018-05-19 20:21:04 DEBUG LatestGetURIFilter:33 - Set latest-get-uri to /bankapp/css/style.css
2018-05-19 20:21:07 DEBUG LatestGetURIFilter:33 - Set latest-get-uri to /bankapp/css/style.css
2018-05-19 20:21:10 DEBUG LatestGetURIFilter:33 - Set latest-get-uri to /bankapp/auth/log-in.jsp
2018-05-19 20:21:10 DEBUG LatestGetURIFilter:33 - Set latest-get-uri to /bankapp/css/style.css
2018-05-19 20:21:12 DEBUG LatestGetURIFilter:33 - Set latest-get-uri to /bankapp/css/style.css
2018-05-19 20:21:14 DEBUG LatestGetURIFilter:33 - Set latest-get-uri to /bankapp/auth/log-in.jsp
2018-05-19 20:21:14 DEBUG LatestGetURIFilter:33 - Set latest-get-uri to /bankapp/css/style.css
2018-05-19 20:21:14 DEBUG LatestGetURIFilter:33 - Set latest-get-uri to /bankapp/auth/log-in.jsp
2018-05-19 20:21:15 DEBUG LatestGetURIFilter:33 - Set latest-get-uri to /bankapp/auth/log-in.jsp
2018-05-19 20:21:42 DEBUG LatestGetURIFilter:33 - Set latest-get-uri to /bankapp/auth/log-in.jsp
2018-05-19 20:21:42 DEBUG LatestGetURIFilter:33 - Set latest-get-uri to /bankapp/css/style.css
2018-05-19 20:21:43 DEBUG LatestGetURIFilter:33 - Set latest-get-uri to /bankapp/css/style.css
2018-05-19 20:21:45 DEBUG LatestGetURIFilter:33 - Set latest-get-uri to /bankapp/css/style.css
2018-05-19 20:21:46 DEBUG LatestGetURIFilter:33 - Set latest-get-uri to /bankapp/auth/log-in.jsp
2018-05-19 20:21:47 DEBUG LatestGetURIFilter:33 - Set latest-get-uri to /bankapp/auth/log-in.jsp
2018-05-19 20:21:47 DEBUG LatestGetURIFilter:33 - Set latest-get-uri to /bankapp/auth/log-in.jsp
2018-05-19 20:21:48 DEBUG LatestGetURIFilter:33 - Set latest-get-uri to /bankapp/auth/log-in.jsp
2018-05-19 20:21:48 DEBUG LatestGetURIFilter:33 - Set latest-get-uri to /bankapp/auth/log-in.jsp
2018-05-19 20:21:49 DEBUG LatestGetURIFilter:33 - Set latest-get-uri to /bankapp/auth/log-in.jsp
2018-05-19 20:21:50 DEBUG LatestGetURIFilter:33 - Set latest-get-uri to /bankapp/auth/log-in.jsp
2018-05-19 20:21:50 DEBUG LatestGetURIFilter:33 - Set latest-get-uri to /bankapp/css/style.css
2018-05-19 20:21:50 DEBUG LatestGetURIFilter:33 - Set latest-get-uri to /bankapp/auth/log-in.jsp
2018-05-19 20:21:51 DEBUG LatestGetURIFilter:33 - Set latest-get-uri to /bankapp/auth/log-in.jsp
2018-05-19 20:21:52 DEBUG LatestGetURIFilter:33 - Set latest-get-uri to /bankapp/auth/log-in.jsp
2018-05-19 20:21:54 DEBUG LatestGetURIFilter:33 - Set latest-get-uri to /bankapp/auth/log-in.jsp
2018-05-19 20:21:54 DEBUG LatestGetURIFilter:33 - Set latest-get-uri to /bankapp/auth/log-in.jsp
2018-05-19 20:21:55 DEBUG LatestGetURIFilter:33 - Set latest-get-uri to /bankapp/css/style.css
2018-05-19 20:21:55 DEBUG LatestGetURIFilter:33 - Set latest-get-uri to /bankapp/css/style.css
2018-05-19 20:21:58 DEBUG LatestGetURIFilter:33 - Set latest-get-uri to /bankapp/css/style.css
2018-05-19 20:22:00 DEBUG LatestGetURIFilter:33 - Set latest-get-uri to /bankapp/auth/log-in.jsp
2018-05-19 20:22:00 DEBUG LatestGetURIFilter:33 - Set latest-get-uri to /bankapp/css/style.css
2018-05-19 20:22:20 DEBUG LatestGetURIFilter:33 - Set latest-get-uri to /bankapp/auth/log-in.jsp
2018-05-19 20:22:20 DEBUG LatestGetURIFilter:33 - Set latest-get-uri to /bankapp/css/style.css
2018-05-19 20:22:21 DEBUG LatestGetURIFilter:33 - Set latest-get-uri to /bankapp/css/style.css
2018-05-19 20:22:23 DEBUG LatestGetURIFilter:33 - Set latest-get-uri to /bankapp/auth/log-in.jsp
2018-05-19 20:22:23 DEBUG LatestGetURIFilter:33 - Set latest-get-uri to /bankapp/auth/log-in.jsp
2018-05-19 20:22:24 DEBUG LatestGetURIFilter:33 - Set latest-get-uri to /bankapp/auth/log-in.jsp
2018-05-19 20:22:26 DEBUG LatestGetURIFilter:33 - Set latest-get-uri to /bankapp/auth/log-in.jsp
2018-05-19 20:22:27 DEBUG LatestGetURIFilter:33 - Set latest-get-uri to /bankapp/auth/log-in.jsp
2018-05-19 20:22:28 DEBUG LatestGetURIFilter:33 - Set latest-get-uri to /bankapp/auth/log-in.jsp
2018-05-19 20:22:30 DEBUG LatestGetURIFilter:33 - Set latest-get-uri to /bankapp/auth/log-in.jsp
2018-05-19 20:22:30 DEBUG LatestGetURIFilter:33 - Set latest-get-uri to /bankapp/css/style.css
2018-05-19 20:22:31 DEBUG LatestGetURIFilter:33 - Set latest-get-uri to /bankapp/css/style.css
2018-05-19 20:22:33 DEBUG LatestGetURIFilter:33 - Set latest-get-uri to /bankapp/css/style.css
2018-05-19 20:22:35 DEBUG LatestGetURIFilter:33 - Set latest-get-uri to /bankapp/css/style.css
2018-05-19 20:22:36 DEBUG LatestGetURIFilter:33 - Set latest-get-uri to /bankapp/css/style.css
2018-05-19 20:22:48 DEBUG LatestGetURIFilter:33 - Set latest-get-uri to /bankapp/css/style.css
2018-05-19 20:23:02 DEBUG LatestGetURIFilter:33 - Set latest-get-uri to /bankapp/auth/log-in.jsp
2018-05-19 20:23:11 DEBUG LatestGetURIFilter:33 - Set latest-get-uri to /bankapp/auth/log-in.jsp
2018-05-19 20:23:12 DEBUG LatestGetURIFilter:33 - Set latest-get-uri to /bankapp/auth/log-in.jsp
2018-05-19 20:23:12 DEBUG LatestGetURIFilter:33 - Set latest-get-uri to /bankapp/auth/log-in.jsp
2018-05-19 20:23:13 DEBUG LatestGetURIFilter:33 - Set latest-get-uri to /bankapp/auth/log-in.jsp
2018-05-19 20:23:13 DEBUG LatestGetURIFilter:33 - Set latest-get-uri to /bankapp/auth/log-in.jsp
2018-05-19 20:23:14 DEBUG LatestGetURIFilter:33 - Set latest-get-uri to /bankapp/auth/log-in.jsp
2018-05-19 20:23:14 DEBUG LatestGetURIFilter:33 - Set latest-get-uri to /bankapp/auth/log-in.jsp
2018-05-19 20:23:15 DEBUG LatestGetURIFilter:33 - Set latest-get-uri to /bankapp/auth/log-in.jsp
2018-05-19 20:23:15 DEBUG LatestGetURIFilter:33 - Set latest-get-uri to /bankapp/auth/log-in.jsp
2018-05-19 20:24:32 DEBUG LatestGetURIFilter:33 - Set latest-get-uri to /bankapp/auth/log-in.jsp
2018-05-19 20:24:32 DEBUG LatestGetURIFilter:33 - Set latest-get-uri to /bankapp/css/style.css
2018-05-19 20:24:33 DEBUG LatestGetURIFilter:33 - Set latest-get-uri to /bankapp/css/style.css
2018-05-19 20:24:36 DEBUG LatestGetURIFilter:33 - Set latest-get-uri to /bankapp/css/style.css
2018-05-19 20:25:45 DEBUG LatestGetURIFilter:33 - Set latest-get-uri to /bankapp/auth/log-in.jsp
2018-05-19 20:25:45 DEBUG LatestGetURIFilter:33 - Set latest-get-uri to /bankapp/css/style.css
2018-05-19 20:26:48 DEBUG LatestGetURIFilter:33 - Set latest-get-uri to /bankapp/auth/log-in.jsp
2018-05-19 20:26:48 DEBUG LatestGetURIFilter:33 - Set latest-get-uri to /bankapp/css/style.css
2018-05-19 20:26:50 DEBUG LatestGetURIFilter:33 - Set latest-get-uri to /bankapp/css/style.css
2018-05-19 20:26:53 DEBUG LatestGetURIFilter:33 - Set latest-get-uri to /bankapp/auth/log-in.jsp
2018-05-19 20:26:53 DEBUG LatestGetURIFilter:33 - Set latest-get-uri to /bankapp/auth/log-in.jsp
2018-05-19 20:26:54 DEBUG LatestGetURIFilter:33 - Set latest-get-uri to /bankapp/auth/log-in.jsp
2018-05-19 20:26:55 DEBUG LatestGetURIFilter:33 - Set latest-get-uri to /bankapp/auth/log-in.jsp
2018-05-19 20:26:55 DEBUG LatestGetURIFilter:33 - Set latest-get-uri to /bankapp/auth/log-in.jsp
2018-05-19 20:26:56 DEBUG LatestGetURIFilter:33 - Set latest-get-uri to /bankapp/auth/log-in.jsp
2018-05-19 20:26:56 DEBUG LatestGetURIFilter:33 - Set latest-get-uri to /bankapp/auth/log-in.jsp
2018-05-19 20:27:36 DEBUG LogInController:71 - User failed to log in due to failed input validation. Sent message to user: Wrong login or password
2018-05-19 20:27:36 DEBUG LatestGetURIFilter:33 - Set latest-get-uri to /bankapp/auth/log-in.jsp
2018-05-19 20:27:36 DEBUG LatestGetURIFilter:33 - Set latest-get-uri to /bankapp/css/style.css
2018-05-19 20:27:38 DEBUG LatestGetURIFilter:33 - Set latest-get-uri to /bankapp/css/style.css
2018-05-19 20:29:48 DEBUG LatestGetURIFilter:33 - Set latest-get-uri to /bankapp/auth/log-in.jsp
2018-05-19 20:29:48 DEBUG LatestGetURIFilter:33 - Set latest-get-uri to /bankapp/css/style.css
2018-05-19 20:29:48 DEBUG LatestGetURIFilter:33 - Set latest-get-uri to /bankapp/css/style.css
2018-05-19 20:29:51 DEBUG LatestGetURIFilter:33 - Set latest-get-uri to /bankapp/css/style.css
2018-05-19 20:29:53 DEBUG LatestGetURIFilter:33 - Set latest-get-uri to /bankapp/css/style.css
2018-05-19 20:31:12 DEBUG LatestGetURIFilter:33 - Set latest-get-uri to /bankapp/auth/log-in.jsp
2018-05-19 20:31:12 DEBUG LatestGetURIFilter:33 - Set latest-get-uri to /bankapp/css/style.css
2018-05-19 20:31:13 DEBUG LatestGetURIFilter:33 - Set latest-get-uri to /bankapp/css/style.css
2018-05-19 20:31:15 DEBUG LatestGetURIFilter:33 - Set latest-get-uri to /bankapp/auth/log-in.jsp
2018-05-19 20:31:15 DEBUG LatestGetURIFilter:33 - Set latest-get-uri to /bankapp/css/style.css
2018-05-19 20:31:16 DEBUG LatestGetURIFilter:33 - Set latest-get-uri to /bankapp/css/style.css
2018-05-19 20:31:18 DEBUG LatestGetURIFilter:33 - Set latest-get-uri to /bankapp/auth/log-in.jsp
2018-05-19 20:31:18 DEBUG LatestGetURIFilter:33 - Set latest-get-uri to /bankapp/css/style.css
2018-05-19 20:31:18 DEBUG LatestGetURIFilter:33 - Set latest-get-uri to /bankapp/auth/log-in.jsp
2018-05-19 20:31:19 DEBUG LatestGetURIFilter:33 - Set latest-get-uri to /bankapp/auth/log-in.jsp
2018-05-19 20:31:20 DEBUG LatestGetURIFilter:33 - Set latest-get-uri to /bankapp/auth/log-in.jsp
2018-05-19 20:31:20 DEBUG LatestGetURIFilter:33 - Set latest-get-uri to /bankapp/auth/log-in.jsp
2018-05-19 20:31:21 DEBUG LatestGetURIFilter:33 - Set latest-get-uri to /bankapp/css/style.css
2018-05-19 20:31:22 DEBUG LatestGetURIFilter:33 - Set latest-get-uri to /bankapp/auth/log-in.jsp
2018-05-19 20:31:22 DEBUG LatestGetURIFilter:33 - Set latest-get-uri to /bankapp/auth/log-in.jsp
2018-05-19 20:31:23 DEBUG LatestGetURIFilter:33 - Set latest-get-uri to /bankapp/auth/log-in.jsp
2018-05-19 20:31:23 DEBUG LatestGetURIFilter:33 - Set latest-get-uri to /bankapp/css/style.css
2018-05-19 20:31:24 DEBUG LatestGetURIFilter:33 - Set latest-get-uri to /bankapp/auth/log-in.jsp
2018-05-19 20:31:24 DEBUG LatestGetURIFilter:33 - Set latest-get-uri to /bankapp/auth/log-in.jsp
2018-05-19 20:31:24 DEBUG LatestGetURIFilter:33 - Set latest-get-uri to /bankapp/auth/log-in.jsp
2018-05-19 20:31:25 DEBUG LatestGetURIFilter:33 - Set latest-get-uri to /bankapp/auth/log-in.jsp
2018-05-19 20:31:25 DEBUG LatestGetURIFilter:33 - Set latest-get-uri to /bankapp/auth/log-in.jsp
2018-05-19 20:31:26 DEBUG LatestGetURIFilter:33 - Set latest-get-uri to /bankapp/auth/log-in.jsp
2018-05-19 20:31:26 DEBUG LatestGetURIFilter:33 - Set latest-get-uri to /bankapp/css/style.css
2018-05-19 20:31:26 DEBUG LatestGetURIFilter:33 - Set latest-get-uri to /bankapp/css/style.css
2018-05-19 20:33:53 INFO  ContextInitListener:17 - Deployed web application
2018-05-19 20:33:54 DEBUG LatestGetURIFilter:35 - Set latest-get-uri to /bankapp/auth/log-in.jsp
2018-05-19 20:33:56 DEBUG LatestGetURIFilter:35 - Set latest-get-uri to /bankapp/auth/log-in.jsp
2018-05-19 20:33:57 DEBUG LatestGetURIFilter:35 - Set latest-get-uri to /bankapp/auth/log-in.jsp
2018-05-19 20:33:58 DEBUG LatestGetURIFilter:35 - Set latest-get-uri to /bankapp/auth/log-in.jsp
2018-05-19 20:33:58 DEBUG LatestGetURIFilter:35 - Set latest-get-uri to /bankapp/auth/log-in.jsp
2018-05-19 20:33:59 DEBUG LatestGetURIFilter:35 - Set latest-get-uri to /bankapp/auth/log-in.jsp
2018-05-19 20:34:00 DEBUG LatestGetURIFilter:35 - Set latest-get-uri to /bankapp/auth/log-in.jsp
2018-05-19 20:34:00 DEBUG LatestGetURIFilter:35 - Set latest-get-uri to /bankapp/auth/log-in.jsp
2018-05-19 20:34:01 DEBUG LatestGetURIFilter:35 - Set latest-get-uri to /bankapp/auth/log-in.jsp
2018-05-19 20:34:01 DEBUG LatestGetURIFilter:35 - Set latest-get-uri to /bankapp/auth/log-in.jsp
2018-05-19 20:34:02 DEBUG LatestGetURIFilter:35 - Set latest-get-uri to /bankapp/auth/log-in.jsp
2018-05-19 20:34:02 DEBUG LatestGetURIFilter:35 - Set latest-get-uri to /bankapp/auth/log-in.jsp
2018-05-19 20:34:03 DEBUG LatestGetURIFilter:35 - Set latest-get-uri to /bankapp/auth/log-in.jsp
2018-05-19 20:34:03 DEBUG LatestGetURIFilter:35 - Set latest-get-uri to /bankapp/auth/log-in.jsp
2018-05-19 20:34:06 DEBUG LatestGetURIFilter:35 - Set latest-get-uri to /bankapp/auth/log-in.jsp
2018-05-19 20:34:07 DEBUG LatestGetURIFilter:35 - Set latest-get-uri to /bankapp/auth/log-in.jsp
2018-05-19 20:34:08 DEBUG LatestGetURIFilter:35 - Set latest-get-uri to /bankapp/auth/log-in.jsp
2018-05-19 20:34:08 DEBUG LatestGetURIFilter:35 - Set latest-get-uri to /bankapp/auth/log-in.jsp
2018-05-19 20:34:09 DEBUG LatestGetURIFilter:35 - Set latest-get-uri to /bankapp/auth/log-in.jsp
2018-05-19 20:34:09 DEBUG LatestGetURIFilter:35 - Set latest-get-uri to /bankapp/auth/log-in.jsp
2018-05-19 20:34:10 DEBUG LatestGetURIFilter:35 - Set latest-get-uri to /bankapp/auth/log-in.jsp
2018-05-19 20:34:11 DEBUG LatestGetURIFilter:35 - Set latest-get-uri to /bankapp/auth/log-in.jsp
2018-05-19 20:34:11 DEBUG LatestGetURIFilter:35 - Set latest-get-uri to /bankapp/auth/log-in.jsp
2018-05-19 20:36:20 DEBUG LatestGetURIFilter:35 - Set latest-get-uri to /bankapp/auth/log-in.jsp
2018-05-19 20:38:25 DEBUG LatestGetURIFilter:35 - Set latest-get-uri to /bankapp/auth/log-in.jsp
2018-05-19 20:39:17 DEBUG LatestGetURIFilter:35 - Set latest-get-uri to /bankapp/auth/log-in.jsp
2018-05-19 20:39:21 DEBUG LogInController:71 - User failed to log in due to failed input validation. Sent message to user: Wrong login or password
2018-05-19 20:39:21 DEBUG LatestGetURIFilter:35 - Set latest-get-uri to /bankapp/auth/log-in.jsp
2018-05-19 20:40:11 DEBUG LatestGetURIFilter:35 - Set latest-get-uri to /bankapp/auth/log-in.jsp
2018-05-19 20:40:37 DEBUG LatestGetURIFilter:35 - Set latest-get-uri to /bankapp/auth/log-in.jsp
2018-05-19 20:41:00 DEBUG LatestGetURIFilter:35 - Set latest-get-uri to /bankapp/auth/log-in.jsp
2018-05-19 20:41:18 DEBUG LatestGetURIFilter:35 - Set latest-get-uri to /bankapp/auth/log-in.jsp
2018-05-19 20:41:25 DEBUG LatestGetURIFilter:35 - Set latest-get-uri to /bankapp/main/home.jsp
2018-05-19 20:42:26 DEBUG LatestGetURIFilter:35 - Set latest-get-uri to /bankapp/auth/log-in.jsp
2018-05-19 20:42:42 DEBUG LatestGetURIFilter:35 - Set latest-get-uri to /bankapp/auth/log-in.jsp
2018-05-19 20:44:52 DEBUG LatestGetURIFilter:35 - Set latest-get-uri to /bankapp/auth/log-in.jsp
2018-05-19 20:45:13 DEBUG LatestGetURIFilter:35 - Set latest-get-uri to /bankapp/auth/log-in.jsp
2018-05-19 20:45:20 DEBUG LatestGetURIFilter:35 - Set latest-get-uri to /bankapp/auth/log-in.jsp
2018-05-19 20:45:21 DEBUG LatestGetURIFilter:35 - Set latest-get-uri to /bankapp/auth/log-in.jsp
2018-05-19 20:45:22 DEBUG LatestGetURIFilter:35 - Set latest-get-uri to /bankapp/auth/log-in.jsp
2018-05-19 20:45:23 DEBUG LatestGetURIFilter:35 - Set latest-get-uri to /bankapp/auth/log-in.jsp
2018-05-19 20:46:16 DEBUG LatestGetURIFilter:35 - Set latest-get-uri to /bankapp/auth/log-in.jsp
2018-05-19 20:47:05 DEBUG LatestGetURIFilter:35 - Set latest-get-uri to /bankapp/auth/log-in.jsp
2018-05-19 20:47:06 DEBUG LatestGetURIFilter:35 - Set latest-get-uri to /bankapp/auth/log-in.jsp
2018-05-19 20:47:09 DEBUG LatestGetURIFilter:35 - Set latest-get-uri to /bankapp/
2018-05-19 20:47:11 DEBUG LatestGetURIFilter:35 - Set latest-get-uri to /bankapp/auth/log-in.jsp
2018-05-19 20:47:12 DEBUG LatestGetURIFilter:35 - Set latest-get-uri to /bankapp/auth/log-in.jsp
2018-05-19 20:47:15 DEBUG LatestGetURIFilter:35 - Set latest-get-uri to /bankapp/auth/log-in.jsp
2018-05-19 20:47:17 DEBUG LatestGetURIFilter:35 - Set latest-get-uri to /bankapp/auth/log-in.jsp
2018-05-19 20:47:18 DEBUG LatestGetURIFilter:35 - Set latest-get-uri to /bankapp/auth/log-in.jsp
2018-05-19 20:47:23 DEBUG LatestGetURIFilter:35 - Set latest-get-uri to /bankapp/main/home.jsp
2018-05-19 20:47:25 DEBUG LatestGetURIFilter:35 - Set latest-get-uri to /bankapp/
2018-05-19 20:48:05 DEBUG LatestGetURIFilter:35 - Set latest-get-uri to /bankapp/
2018-05-19 20:48:33 DEBUG LatestGetURIFilter:35 - Set latest-get-uri to /bankapp/
2018-05-19 20:48:35 DEBUG LatestGetURIFilter:35 - Set latest-get-uri to /bankapp/
2018-05-19 20:48:36 DEBUG LatestGetURIFilter:35 - Set latest-get-uri to /bankapp/
2018-05-19 20:48:36 DEBUG LatestGetURIFilter:35 - Set latest-get-uri to /bankapp/
2018-05-19 20:48:37 DEBUG LatestGetURIFilter:35 - Set latest-get-uri to /bankapp/
2018-05-19 20:48:37 DEBUG LatestGetURIFilter:35 - Set latest-get-uri to /bankapp/auth/log-in.jsp
2018-05-19 20:49:32 DEBUG LatestGetURIFilter:35 - Set latest-get-uri to /bankapp/auth/log-in.jsp
2018-05-19 20:49:32 DEBUG LatestGetURIFilter:35 - Set latest-get-uri to /bankapp/auth/log-in.jsp
2018-05-19 21:45:00 INFO  ContextInitListener:17 - Deployed web application
