2018-05-18 22:51:36 ERROR AccountInfoController:47 - Failed
2018-05-19 17:06:01 WARN  DefaultTransactionDAO:340 - Failed to read entity from database
2018-05-19 17:06:01 ERROR AccountInfoController:57 - Failed
2018-05-19 17:11:26 WARN  DefaultBankAccountDAO:615 - Failed to update entity in database
2018-05-19 17:11:26 WARN  TransferMoneyController:43 - Failed to transfer money
2018-05-19 17:15:49 WARN  DefaultBankAccountDAO:615 - Failed to update entity in database
2018-05-19 17:15:49 WARN  TransferMoneyController:43 - Failed to transfer money
2018-05-19 17:18:18 WARN  DefaultBankAccountDAO:615 - Failed to update entity in database
2018-05-19 17:18:18 WARN  TransferMoneyController:43 - Failed to transfer money
2018-05-19 17:26:26 WARN  DefaultTransactionDAO:85 - Failed to add entity to database
2018-05-19 17:26:26 WARN  TransferMoneyController:43 - Failed to transfer money
2018-05-19 17:28:43 WARN  DefaultTransactionDAO:85 - Failed to add entity to database
2018-05-19 17:28:43 WARN  TransferMoneyController:43 - Failed to transfer money
2018-05-19 17:31:52 WARN  DefaultTransactionDAO:342 - Failed to read entity from database
2018-05-19 17:31:52 ERROR AccountInfoController:58 - Failed
2018-05-19 17:32:02 WARN  DefaultTransactionDAO:342 - Failed to read entity from database
2018-05-19 17:32:02 ERROR AccountInfoController:58 - Failed
2018-05-19 17:32:10 WARN  DefaultTransactionDAO:342 - Failed to read entity from database
2018-05-19 17:32:10 ERROR AccountInfoController:58 - Failed
2018-05-19 17:34:29 WARN  DefaultTransactionDAO:342 - Failed to read entity from database
2018-05-19 17:34:29 ERROR AccountInfoController:58 - Failed
